[2026. 3. 10. 오후 2:11:57] 반자동 점포마스터 동기화를 시작합니다.
[2026. 3. 10. 오후 2:11:57] 전용 프로필 경로: C:\Users\wals741\webphoto\han-admin\.automation\elogis-profile

[실패] locator.click: Timeout 30000ms exceeded.
Call log:
[2m  - waiting for locator('//*[contains(normalize-space(.), \'배송그룹\')]/ancestor::*[self::tr or self::div or self::td][1]').locator('img, button, a').first()[22m
[2m    - locator resolved to <button id="btnOpen" type="button" class="btn-lnb-open ir">메뉴펼침/열기</button>[22m
[2m  - attempting click action[22m
[2m    2 × waiting for element to be visible, enabled and stable[22m
[2m      - element is visible, enabled and stable[22m
[2m      - scrolling into view if needed[22m
[2m      - done scrolling[22m
[2m      - <h2 id="titleBg">…</h2> from <div class="lnbWrap">…</div> subtree intercepts pointer events[22m
[2m    - retrying click action[22m
[2m    - waiting 20ms[22m
[2m    2 × waiting for element to be visible, enabled and stable[22m
[2m      - element is visible, enabled and stable[22m
[2m      - scrolling into view if needed[22m
[2m      - done scrolling[22m
[2m      - <h2 id="titleBg">…</h2> from <div class="lnbWrap">…</div> subtree intercepts pointer events[22m
[2m    - retrying click action[22m
[2m      - waiting 100ms[22m
[2m    57 × waiting for element to be visible, enabled and stable[22m
[2m       - element is visible, enabled and stable[22m
[2m       - scrolling into view if needed[22m
[2m       - done scrolling[22m
[2m       - <h2 id="titleBg">…</h2> from <div class="lnbWrap">…</div> subtree intercepts pointer events[22m
[2m     - retrying click action[22m
[2m       - waiting 500ms[22m

