[2026. 3. 10. 오후 2:57:43] 반자동 점포마스터 동기화를 시작합니다.
[2026. 3. 10. 오후 2:57:43] 전용 프로필 경로: C:\Users\wals741\webphoto\han-admin\.automation\elogis-profile

[실패] locator.fill: Timeout 30000ms exceeded.
Call log:
[2m  - waiting for locator('input').nth(6)[22m
[2m    - locator resolved to <input value="" type="hidden" name="menu_category"/>[22m
[2m    - fill("D9012343")[22m
[2m  - attempting fill action[22m
[2m    2 × waiting for element to be visible, enabled and editable[22m
[2m      - element is not visible[22m
[2m    - retrying fill action[22m
[2m    - waiting 20ms[22m
[2m    2 × waiting for element to be visible, enabled and editable[22m
[2m      - element is not visible[22m
[2m    - retrying fill action[22m
[2m      - waiting 100ms[22m
[2m    59 × waiting for element to be visible, enabled and editable[22m
[2m       - element is not visible[22m
[2m     - retrying fill action[22m
[2m       - waiting 500ms[22m

